Traceback (most recent call last):
  File "/opt/anaconda3/lib/python3.11/site-packages/jupyter_cache/executors/utils.py", line 58, in single_nb_execution
    executenb(
  File "/opt/anaconda3/lib/python3.11/site-packages/nbclient/client.py", line 1314, in execute
    return NotebookClient(nb=nb, resources=resources, km=km, **kwargs).execute()
           ^^^^^^^^^^^^^^^^^^^^^^^^^^^^^^^^^^^^^^^^^^^^^^^^^^^^^^^^^^^^^^^^^^^^^
  File "/opt/anaconda3/lib/python3.11/site-packages/jupyter_core/utils/__init__.py", line 173, in wrapped
    return loop.run_until_complete(inner)
           ^^^^^^^^^^^^^^^^^^^^^^^^^^^^^^
  File "/opt/anaconda3/lib/python3.11/asyncio/base_events.py", line 653, in run_until_complete
    return future.result()
           ^^^^^^^^^^^^^^^
  File "/opt/anaconda3/lib/python3.11/site-packages/nbclient/client.py", line 709, in async_execute
    await self.async_execute_cell(
  File "/opt/anaconda3/lib/python3.11/site-packages/nbclient/client.py", line 1062, in async_execute_cell
    await self._check_raise_for_error(cell, cell_index, exec_reply)
  File "/opt/anaconda3/lib/python3.11/site-packages/nbclient/client.py", line 918, in _check_raise_for_error
    raise CellExecutionError.from_cell_and_msg(cell, exec_reply_content)
nbclient.exceptions.CellExecutionError: An error occurred while executing the following cell:
------------------
# Importation des librairies
import dolfinx  # Module principal de FEniCSx pour le calcul par éléments finis
from dolfinx import mesh, fem, plot, io, default_scalar_type  # Sous-modules FEniCSx essentiels
from dolfinx.fem.petsc import LinearProblem  # Résolution de systèmes linéaires
from mpi4py import MPI  # Interface pour le calcul parallèle
import ufl  # Unified Form Language pour les formulations variationnelles
import numpy as np  # Calcul numérique efficace
import matplotlib.pyplot as plt
import math  # Module de fonctions mathématiques standard de Python
import pyvista as pv  # Visualisation 3D scientifique
import gmsh  # Générateur de maillage 3D
import meshio  # Lecture/écriture de différents formats de maillage
from dolfinx.io import XDMFFile  # Gestion des fichiers XDMF pour données volumineuses
import dolfinx.fem as fem  # Module FEniCSx pour la méthode des éléments finis
import dolfinx.mesh as mesh  # Module FEniCSx pour la gestion avancée des maillages
from petsc4py import PETSc  # Suite de solveurs numériques pour problèmes à grande échelle
import panel as pn
from myst_nb import glue
import ipywidgets as widgets
from IPython.display import display
# Utiliser Panel pour créer un rendu interactif
pn.extension('vtk')
------------------


[0;31m---------------------------------------------------------------------------[0m
[0;31mModuleNotFoundError[0m                       Traceback (most recent call last)
Cell [0;32mIn[3], line 2[0m
[1;32m      1[0m [38;5;66;03m# Importation des librairies[39;00m
[0;32m----> 2[0m [38;5;28;01mimport[39;00m [38;5;21;01mdolfinx[39;00m  [38;5;66;03m# Module principal de FEniCSx pour le calcul par éléments finis[39;00m
[1;32m      3[0m [38;5;28;01mfrom[39;00m [38;5;21;01mdolfinx[39;00m [38;5;28;01mimport[39;00m mesh, fem, plot, io, default_scalar_type  [38;5;66;03m# Sous-modules FEniCSx essentiels[39;00m
[1;32m      4[0m [38;5;28;01mfrom[39;00m [38;5;21;01mdolfinx[39;00m[38;5;21;01m.[39;00m[38;5;21;01mfem[39;00m[38;5;21;01m.[39;00m[38;5;21;01mpetsc[39;00m [38;5;28;01mimport[39;00m LinearProblem  [38;5;66;03m# Résolution de systèmes linéaires[39;00m

[0;31mModuleNotFoundError[0m: No module named 'dolfinx'

